<?xml version="1.0" encoding="UTF-8"?>
<!-- Generated by org.testng.reporters.JUnitReportReporter -->
<testsuite hostname="yangbing-PC" name="game.capture.TestCapture" tests="21" failures="0" timestamp="8 Jul 2015 06:15:09 GMT" time="253.573" errors="0">
  <testcase name="testCaptureKaixinxiaoxiaole" time="11.967" classname="game.capture.TestCapture"/>
  <testcase name="testCaptureWojiaomt2" time="12.775" classname="game.capture.TestCapture"/>
  <testcase name="testCaptureLeitingzhanji" time="11.906" classname="game.capture.TestCapture"/>
  <testcase name="testCaptureQixiongzhengba" time="15.045" classname="game.capture.TestCapture"/>
  <testcase name="testCaptureHuanlemajiang" time="10.781" classname="game.capture.TestCapture"/>
  <testcase name="testCaptureQuanminpohuaishen" time="11.009" classname="game.capture.TestCapture"/>
  <testcase name="testCaptureTiantiankupao" time="12.776" classname="game.capture.TestCapture"/>
  <testcase name="testCaptureQuanminfeijidazhan" time="13.272" classname="game.capture.TestCapture"/>
  <testcase name="testCaptureQuanminxiaozhen" time="11.530" classname="game.capture.TestCapture"/>
  <testcase name="testCaptureQuanminshuifu" time="12.121" classname="game.capture.TestCapture"/>
  <testcase name="testCaptureTangguochuanqi" time="13.054" classname="game.capture.TestCapture"/>
  <testcase name="testCaptureJiulongzhan" time="11.228" classname="game.capture.TestCapture"/>
  <testcase name="testCaptureQuanmintuji" time="11.226" classname="game.capture.TestCapture"/>
  <testcase name="testCaptureSanguozhinen" time="11.347" classname="game.capture.TestCapture"/>
  <testcase name="testCaptureQijinuannuan" time="11.571" classname="game.capture.TestCapture"/>
  <testcase name="testCaptureTiantianaixiaochu" time="13.674" classname="game.capture.TestCapture"/>
  <testcase name="testCaptureTiantianxuandou" time="12.844" classname="game.capture.TestCapture"/>
  <testcase name="testCaptureJiezoudashi" time="10.657" classname="game.capture.TestCapture"/>
  <testcase name="testCaptureTiantianfeiche" time="10.866" classname="game.capture.TestCapture"/>
  <testcase name="testCaptureHuanledouniu" time="12.529" classname="game.capture.TestCapture"/>
  <testcase name="testCaptureQuanminpaopaodazhan" time="11.395" classname="game.capture.TestCapture"/>
</testsuite> <!-- game.capture.TestCapture -->
