<?xml version="1.0" encoding="UTF-8"?>
<!-- Generated by org.testng.reporters.JUnitReportReporter -->
<testsuite hostname="yangbing-PC" name="game.capture.TestTencentGameCapture" tests="1" failures="0" timestamp="10 Jul 2015 06:30:23 GMT" time="31.935" errors="0">
  <testcase name="testTencentGameCapture" time="31.935" classname="game.capture.TestTencentGameCapture"/>
</testsuite> <!-- game.capture.TestTencentGameCapture -->
